"../../../Engine/Content/Functions/Engine_MaterialFunctions01/Opacity/CameraDepthFade.uasset" 0
"../../../Engine/Content/EngineMaterials/T_Default_Material_Grid_M.uasset" 1
"../../../Engine/Content/EngineMaterials/T_Default_Material_Grid_N.uasset" 2
"../../../Engine/Content/EngineMaterials/WorldGridMaterial.uasset" 3
"../../../../../../Users/PC-ST/Documents/Unreal Projects/Level-editing-2/blockout/Content/blockout.uasset" 4
"../../../../../../Users/PC-ST/Documents/Unreal Projects/Level-editing-2/blockout/Content/functions.uasset" 5
"../../../Engine/Content/Functions/Engine_MaterialFunctions03/Procedurals/PerturbNormalHQ.uasset" 6
"../../../Engine/Content/Functions/Engine_MaterialFunctions03/Procedurals/PreparePerturbNormalHQ.uasset" 7
"../../../../../../Users/PC-ST/Documents/Unreal Projects/Level-editing-2/blockout/Content/grain_bake.uasset" 8
"../../../../../../Users/PC-ST/Documents/Unreal Projects/Level-editing-2/blockout/Content/Assets/Materials/Baked_lava_noise.uasset" 9
"../../../../../../Users/PC-ST/Documents/Unreal Projects/Level-editing-2/blockout/Content/Assets/Materials/lava.uasset" 10
"../../../../../../Users/PC-ST/Documents/Unreal Projects/Level-editing-2/blockout/Content/lava.uasset" 11
"../../../../../../Users/PC-ST/Documents/Unreal Projects/Level-editing-2/blockout/Content/Level_BuiltData.uasset" 12
"../../../Engine/Content/Functions/Engine_MaterialFunctions01/Gradient/LinearGradient.uasset" 13
"../../../Engine/Content/Functions/Engine_MaterialFunctions01/ImageAdjustment/CheapContrast.uasset" 14
"../../../Engine/Content/Functions/Engine_MaterialFunctions02/SafeNormalize.uasset" 15
"../../../Engine/Content/Functions/Engine_MaterialFunctions02/Math/CreateThirdOrthogonalVector.uasset" 16
"../../../Engine/Content/Functions/Engine_MaterialFunctions02/Math/InverseTransformMatrix.uasset" 17
"../../../Engine/Content/Functions/Engine_MaterialFunctions02/Math/TransformToZVector.uasset" 18
"../../../Engine/Content/Functions/Engine_MaterialFunctions02/Utility/CameraDirectionVector.uasset" 19
"../../../Engine/Content/Functions/Engine_MaterialFunctions02/Utility/VectorLength.uasset" 20
"../../../Engine/Content/EngineVolumetrics/Fogsheet/Materials/T_EV_BlankWhite_01.uasset" 21
"../../../Engine/Content/Functions/Engine_MaterialFunctions01/Texturing/ParallaxOcclusionMapping.uasset" 22
"../../../Engine/Content/Functions/Engine_MaterialFunctions02/Utility/BreakOutFloat2Components.uasset" 23
"../../../Engine/Content/Functions/Engine_MaterialFunctions01/Texturing/ScaleUVsByCenter.uasset" 24
"../../../Engine/Content/Functions/Engine_MaterialFunctions02/Utility/Swizzle.uasset" 25
"../../../Engine/Content/Functions/Engine_MaterialFunctions02/WorldPositionOffset/ComponentPivotLocation.uasset" 26
"../../../Engine/Content/Functions/Engine_MaterialFunctions02/WorldPositionOffset/Sprite.uasset" 27
"../../../Engine/Content/Functions/Engine_MaterialFunctions01/Texturing/TextureBomb_SingleSample.uasset" 28
"../../../Engine/Content/Functions/Engine_MaterialFunctions02/Texturing/HeightLerp.uasset" 29
"../../../Engine/Content/EditorResources/S_VectorFieldVol.uasset" 30
"../../../Engine/Content/Functions/Engine_MaterialFunctions01/Texturing/Texture_Bombing.uasset" 31
"../../../Engine/Content/Functions/Engine_MaterialFunctions02/Utility/BreakOutFloat3Components.uasset" 32
"../../../../../../Users/PC-ST/Documents/Unreal Projects/Level-editing-2/blockout/Content/Assets/Materials/Functions/rock_material/ao-metal-rough.uasset" 33
"../../../../../../Users/PC-ST/Documents/Unreal Projects/Level-editing-2/blockout/Content/Assets/Materials/Functions/rock_material/layered-rock1-albedo.uasset" 34
"../../../../../../Users/PC-ST/Documents/Unreal Projects/Level-editing-2/blockout/Content/Assets/Materials/Functions/rock_material/layered-rock1-height.uasset" 35
"../../../../../../Users/PC-ST/Documents/Unreal Projects/Level-editing-2/blockout/Content/Assets/Materials/Functions/rock_material/layered-rock1-normal-dx.uasset" 36
"../../../../../../Users/PC-ST/Documents/Unreal Projects/Level-editing-2/blockout/Content/Assets/Materials/Functions/rockfunc.uasset" 37
"../../../../../../Users/PC-ST/Documents/Unreal Projects/Level-editing-2/blockout/Content/Assets/Materials/MountainMat.uasset" 38
"../../../../../../Users/PC-ST/Documents/Unreal Projects/Level-editing-2/blockout/Content/Assets/Materials/mountains.uasset" 39
"../../../../../../Users/PC-ST/Documents/Unreal Projects/Level-editing-2/blockout/Content/mountains.uasset" 40
"../../../Engine/Content/Functions/Engine_MaterialFunctions02/MatLayerBlend_BreakOpacity.uasset" 41
"../../../Engine/Content/Functions/MaterialLayerFunctions/MatLayerBlend_AddWorldPositionOffset.uasset" 42
"../../../Engine/Content/Functions/MaterialLayerFunctions/MatLayerBlend_Standard.uasset" 43
"../../../../../../Users/PC-ST/Documents/Unreal Projects/Level-editing-2/blockout/Content/Assets/Materials/Functions/new_metal/ao-metal-roughness.uasset" 44
"../../../../../../Users/PC-ST/Documents/Unreal Projects/Level-editing-2/blockout/Content/Assets/Materials/Functions/new_metal/streaked-metal1-albedo.uasset" 45
"../../../../../../Users/PC-ST/Documents/Unreal Projects/Level-editing-2/blockout/Content/Assets/Materials/Functions/new_metal/streaked-metal1-normal-dx.uasset" 46
"../../../../../../Users/PC-ST/Documents/Unreal Projects/Level-editing-2/blockout/Content/Assets/Materials/Functions/new_metalFunc.uasset" 47
"../../../../../../Users/PC-ST/Documents/Unreal Projects/Level-editing-2/blockout/Content/Assets/Materials/Functions/new_rust/ao-metal-roughness.uasset" 48
"../../../../../../Users/PC-ST/Documents/Unreal Projects/Level-editing-2/blockout/Content/Assets/Materials/Functions/new_rust/rust-covered-metal-albedo.uasset" 49
"../../../../../../Users/PC-ST/Documents/Unreal Projects/Level-editing-2/blockout/Content/Assets/Materials/Functions/new_rust/rust-covered-metal-normal2-dx.uasset" 50
"../../../../../../Users/PC-ST/Documents/Unreal Projects/Level-editing-2/blockout/Content/Assets/Materials/Functions/Rustfunc2.uasset" 51
"../../../../../../Users/PC-ST/Documents/Unreal Projects/Level-editing-2/blockout/Content/Assets/Materials/Functions/Sand/ao-metal-roughness.uasset" 52
"../../../../../../Users/PC-ST/Documents/Unreal Projects/Level-editing-2/blockout/Content/Assets/Materials/Functions/Sand/sandyground1_Base_Color.uasset" 53
"../../../../../../Users/PC-ST/Documents/Unreal Projects/Level-editing-2/blockout/Content/Assets/Materials/Functions/Sand/sandyground1_Normal.uasset" 54
"../../../../../../Users/PC-ST/Documents/Unreal Projects/Level-editing-2/blockout/Content/Assets/Materials/Functions/SandFunc.uasset" 55
"../../../../../../Users/PC-ST/Documents/Unreal Projects/Level-editing-2/blockout/Content/Assets/Materials/Buidling/Building.uasset" 56
"../../../../../../Users/PC-ST/Documents/Unreal Projects/Level-editing-2/blockout/Content/Assets/Materials/Buidling/Building_Inst.uasset" 57
"../../../../../../Users/PC-ST/Documents/Unreal Projects/Level-editing-2/blockout/Content/Assets/Sidewalk/sidewalk_assets_Box002.uasset" 58
"../../../../../../Users/PC-ST/Documents/Unreal Projects/Level-editing-2/blockout/Content/Assets/sidewalk_assets_Box002.uasset" 59
"../../../../../../Users/PC-ST/Documents/Unreal Projects/Level-editing-2/blockout/Content/Assets/Materials/metal.uasset" 60
"../../../../../../Users/PC-ST/Documents/Unreal Projects/Level-editing-2/blockout/Content/Assets/Materials/Dirty_Metal.uasset" 61
"../../../../../../Users/PC-ST/Documents/Unreal Projects/Level-editing-2/blockout/Content/Assets/Materials/Buidling/Brushed_metal_SidebarColor.uasset" 62
"../../../../../../Users/PC-ST/Documents/Unreal Projects/Level-editing-2/blockout/Content/Assets/Sidewalk/sidewalk_assets_Box003.uasset" 63
"../../../../../../Users/PC-ST/Documents/Unreal Projects/Level-editing-2/blockout/Content/Assets/sidewalk_assets_Box003.uasset" 64
"../../../../../../Users/PC-ST/Documents/Unreal Projects/Level-editing-2/blockout/Content/Assets/Sidewalk/sidewalk_assets_Box004.uasset" 65
"../../../../../../Users/PC-ST/Documents/Unreal Projects/Level-editing-2/blockout/Content/Assets/sidewalk_assets_Box004.uasset" 66
"../../../../../../Users/PC-ST/Documents/Unreal Projects/Level-editing-2/blockout/Content/Assets/Materials/Buidling/Dirty_Metal.uasset" 67
"../../../../../../Users/PC-ST/Documents/Unreal Projects/Level-editing-2/blockout/Content/Assets/Materials/Brushed_metal.uasset" 68
"../../../../../../Users/PC-ST/Documents/Unreal Projects/Level-editing-2/blockout/Content/Assets/Sidewalk/sidewalk_assets_Object.uasset" 69
"../../../../../../Users/PC-ST/Documents/Unreal Projects/Level-editing-2/blockout/Content/Assets/sidewalk_assets_Object.uasset" 70
"../../../../../../Users/PC-ST/Documents/Unreal Projects/Level-editing-2/blockout/Content/assets/Materials/Regular_Metal.uasset" 71
"../../../../../../Users/PC-ST/Documents/Unreal Projects/Level-editing-2/blockout/Content/Assets/Bolt/Bolt.uasset" 72
"../../../../../../Users/PC-ST/Documents/Unreal Projects/Level-editing-2/blockout/Content/Assets/Bolt/tech_box_Bolt.uasset" 73
"../../../../../../Users/PC-ST/Documents/Unreal Projects/Level-editing-2/blockout/Content/Assets/Building/level_Box016.uasset" 74
"../../../../../../Users/PC-ST/Documents/Unreal Projects/Level-editing-2/blockout/Content/Assets/Building/level_Box037.uasset" 75
"../../../../../../Users/PC-ST/Documents/Unreal Projects/Level-editing-2/blockout/Content/Assets/Building/level_Cylinder006.uasset" 76
"../../../../../../Users/PC-ST/Documents/Unreal Projects/Level-editing-2/blockout/Content/Assets/Building/level_Cylinder007.uasset" 77
"../../../../../../Users/PC-ST/Documents/Unreal Projects/Level-editing-2/blockout/Content/Assets/Building/level_Cylinder008.uasset" 78
"../../../../../../Users/PC-ST/Documents/Unreal Projects/Level-editing-2/blockout/Content/Assets/decals/decalsTextureNo9564_1024x768.uasset" 79
"../../../../../../Users/PC-ST/Documents/Unreal Projects/Level-editing-2/blockout/Content/Assets/decals/decalsTextureNo9616_1024x768.uasset" 80
"../../../Engine/Content/Functions/MaterialLayerFunctions/MatLayerBlend_OverrideOpacity.uasset" 81
"../../../../../../Users/PC-ST/Documents/Unreal Projects/Level-editing-2/blockout/Content/Assets/Materials/dirtDecal.uasset" 82
"../../../../../../Users/PC-ST/Documents/Unreal Projects/Level-editing-2/blockout/Content/Assets/decals/dirtDecal.uasset" 83
"../../../../../../Users/PC-ST/Documents/Unreal Projects/Level-editing-2/blockout/Content/Assets/decals/level_1_decal_output.uasset" 84
"../../../../../../Users/PC-ST/Documents/Unreal Projects/Level-editing-2/blockout/Content/Assets/decals/level1Decal.uasset" 85
"../../../../../../Users/PC-ST/Documents/Unreal Projects/Level-editing-2/blockout/Content/Assets/decals/Level_1_opacity.uasset" 86
"../../../Engine/Content/EditorBlueprintResources/StandardMacros.uasset" 87
"../../../Engine/Content/Functions/Engine_MaterialFunctions02/Fresnel_Function.uasset" 88
"../../../../../../Users/PC-ST/Documents/Unreal Projects/Level-editing-2/blockout/Content/Assets/Materials/Glassmat.uasset" 89
"../../../../../../Users/PC-ST/Documents/Unreal Projects/Level-editing-2/blockout/Content/assets/Materials/Functions/scratches.uasset" 90
"../../../../../../Users/PC-ST/Documents/Unreal Projects/Level-editing-2/blockout/Content/assets/Materials/Functions/GlassFunc.uasset" 91
"../../../../../../Users/PC-ST/Documents/Unreal Projects/Level-editing-2/blockout/Content/Assets/Materials/Glass.uasset" 92
"../../../../../../Users/PC-ST/Documents/Unreal Projects/Level-editing-2/blockout/Content/Assets/Big_Door/big_door_Door.uasset" 93
"../../../../../../Users/PC-ST/Documents/Unreal Projects/Level-editing-2/blockout/Content/Assets/Big_Door/big_door_Gate.uasset" 94
"../../../../../../Users/PC-ST/Documents/Unreal Projects/Level-editing-2/blockout/Content/Assets/Materials/Emmissive_color.uasset" 95
"../../../../../../Users/PC-ST/Documents/Unreal Projects/Level-editing-2/blockout/Content/Assets/Big_Door/big_door_Light_Left.uasset" 96
"../../../../../../Users/PC-ST/Documents/Unreal Projects/Level-editing-2/blockout/Content/Assets/Big_Door/big_door_Light_Right.uasset" 97
"../../../../../../Users/PC-ST/Documents/Unreal Projects/Level-editing-2/blockout/Content/Assets/Big_Door/big_door_Light_up.uasset" 98
"../../../../../../Users/PC-ST/Documents/Unreal Projects/Level-editing-2/blockout/Content/Assets/Big_Door/Door1.uasset" 99
"../../../../../../Users/PC-ST/Documents/Unreal Projects/Level-editing-2/blockout/Content/Assets/Door/Door1.uasset" 100
"../../../Engine/Content/EngineMaterials/BaseFlattenDiffuseMap.uasset" 101
"../../../Engine/Content/EngineMaterials/BaseFlattenEmissiveMap.uasset" 102
"../../../Engine/Content/EngineMaterials/BaseFlattenGrayscaleMap.uasset" 103
"../../../Engine/Content/EngineMaterials/BaseFlattenNormalMap.uasset" 104
"../../../Engine/Content/EngineMaterials/NewBaseFlattenMaterial.uasset" 105
"../../../../../../Users/PC-ST/Documents/Unreal Projects/Level-editing-2/blockout/Content/Assets/HealthBox/M_HealthBox_HealthBox_Health_FE57F4D14091C1D4E4138888712FD352.uasset" 106
"../../../../../../Users/PC-ST/Documents/Unreal Projects/Level-editing-2/blockout/Content/Assets/HealthBox/M_HealthBox_HealthBox_Red_FE57F4D14091C1D4E4138888712FD352.uasset" 107
"../../../../../../Users/PC-ST/Documents/Unreal Projects/Level-editing-2/blockout/Content/Assets/HealthBox/M_HealthBox_HealthBox_Trim_Material_FE57F4D14091C1D4E4138888712FD352.uasset" 108
"../../../../../../Users/PC-ST/Documents/Unreal Projects/Level-editing-2/blockout/Content/Assets/decals/dirt_decal_output.uasset" 109
"../../../../../../Users/PC-ST/Documents/Unreal Projects/Level-editing-2/blockout/Content/Assets/Materials/Functions/maskbombing.uasset" 110
"../../../../../../Users/PC-ST/Documents/Unreal Projects/Level-editing-2/blockout/Content/Assets/decals/dirt_decal_output2.uasset" 111
"../../../../../../Users/PC-ST/Documents/Unreal Projects/Level-editing-2/blockout/Content/Assets/Materials/GlassDirt.uasset" 112
"../../../../../../Users/PC-ST/Documents/Unreal Projects/Level-editing-2/blockout/Content/Assets/Materials/GlassDirt_Inst.uasset" 113
"../../../../../../Users/PC-ST/Documents/Unreal Projects/Level-editing-2/blockout/Content/Assets/Materials/glass_bowl.uasset" 114
"../../../../../../Users/PC-ST/Documents/Unreal Projects/Level-editing-2/blockout/Content/Assets/Materials/Sand.uasset" 115
"../../../../../../Users/PC-ST/Documents/Unreal Projects/Level-editing-2/blockout/Content/Assets/Materials/scratchmap_normal.uasset" 116
"../../../../../../Users/PC-ST/Documents/Unreal Projects/Level-editing-2/blockout/Content/Assets/Materials/vertexcolor.uasset" 117
"../../../../../../Users/PC-ST/Documents/Unreal Projects/Level-editing-2/blockout/Content/Assets/Materials/Rust_MAterial.uasset" 118
"../../../../../../Users/PC-ST/Documents/Unreal Projects/Level-editing-2/blockout/Content/Assets/Materials/Buidling/Building_Rust.uasset" 119
"../../../../../../Users/PC-ST/Documents/Unreal Projects/Level-editing-2/blockout/Content/Assets/Materials/Functions/metal/metalnormal.uasset" 120
"../../../../../../Users/PC-ST/Documents/Unreal Projects/Level-editing-2/blockout/Content/Assets/Materials/Functions/metal/metalroughness.uasset" 121
"../../../../../../Users/PC-ST/Documents/Unreal Projects/Level-editing-2/blockout/Content/Assets/Materials/Functions/MetalFunc.uasset" 122
"../../../../../../Users/PC-ST/Documents/Unreal Projects/Level-editing-2/blockout/Content/Assets/Materials/oldmetal.uasset" 123
"../../../../../../Users/PC-ST/Documents/Unreal Projects/Level-editing-2/blockout/Content/Assets/Materials/Buidling/Wallsbuilding.uasset" 124
"../../../../../../Users/PC-ST/Documents/Unreal Projects/Level-editing-2/blockout/Content/Assets/Materials/Functions/Binarize.uasset" 125
"../../../../../../Users/PC-ST/Documents/Unreal Projects/Level-editing-2/blockout/Content/Assets/Materials/Functions/DirtFunc.uasset" 126
"../../../../../../Users/PC-ST/Documents/Unreal Projects/Level-editing-2/blockout/Content/Assets/Materials/Functions/MF_blendDetailNormal.uasset" 127
"../../../Engine/Content/Functions/MaterialLayerFunctions/MatLayerBlend_AO.uasset" 128
"../../../../../../Users/PC-ST/Documents/Unreal Projects/Level-editing-2/blockout/Content/Assets/Materials/Functions/PaintFunc.uasset" 129
"../../../../../../Users/PC-ST/Documents/Unreal Projects/Level-editing-2/blockout/Content/Assets/Materials/Functions/noise.uasset" 130
"../../../../../../Users/PC-ST/Documents/Unreal Projects/Level-editing-2/blockout/Content/Assets/Materials/Functions/RandomDecals.uasset" 131
"../../../../../../Users/PC-ST/Documents/Unreal Projects/Level-editing-2/blockout/Content/Assets/Materials/Functions/Floor/FloorPanel_Maps.uasset" 132
"../../../../../../Users/PC-ST/Documents/Unreal Projects/Level-editing-2/blockout/Content/assets/Materials/Level_1/FloorAlt.uasset" 133
"../../../../../../Users/PC-ST/Documents/Unreal Projects/Level-editing-2/blockout/Content/Assets/Materials/randTest.uasset" 134
"../../../../../../Users/PC-ST/Documents/Unreal Projects/Level-editing-2/blockout/Content/Assets/Materials/Functions/randTest.uasset" 135
"../../../../../../Users/PC-ST/Documents/Unreal Projects/Level-editing-2/blockout/Content/assets/Materials/Functions/Rust/rust-coated-basecolor.uasset" 136
"../../../../../../Users/PC-ST/Documents/Unreal Projects/Level-editing-2/blockout/Content/assets/Materials/Functions/Rust/rust-coated-metal.uasset" 137
"../../../../../../Users/PC-ST/Documents/Unreal Projects/Level-editing-2/blockout/Content/assets/Materials/Functions/Rust/rust-coated-normal.uasset" 138
"../../../../../../Users/PC-ST/Documents/Unreal Projects/Level-editing-2/blockout/Content/assets/Materials/Functions/Rust/rust-coated-roughness.uasset" 139
"../../../../../../Users/PC-ST/Documents/Unreal Projects/Level-editing-2/blockout/Content/Assets/Materials/Functions/RurstFunc.uasset" 140
"../../../../../../Users/PC-ST/Documents/Unreal Projects/Level-editing-2/blockout/Content/Assets/Materials/Functions/glass/raindropmask.uasset" 141
"../../../../../../Users/PC-ST/Documents/Unreal Projects/Level-editing-2/blockout/Content/Assets/Materials/Functions/glass/raindropmask2.uasset" 142
"../../../../../../Users/PC-ST/Documents/Unreal Projects/Level-editing-2/blockout/Content/Assets/Materials/Functions/glass/raindropmask3.uasset" 143
"../../../../../../Users/PC-ST/Documents/Unreal Projects/Level-editing-2/blockout/Content/Assets/Materials/Functions/glass/window2.uasset" 144
"../../../../../../Users/PC-ST/Documents/Unreal Projects/Level-editing-2/blockout/Content/Assets/Materials/Functions/glass/window2_Inst.uasset" 145
"../../../../../../Users/PC-ST/Documents/Unreal Projects/Level-editing-2/blockout/Content/Assets/Materials/Functions/glass/window_drips.uasset" 146
"../../../../../../Users/PC-ST/Documents/Unreal Projects/Level-editing-2/blockout/Content/Assets/Materials/Functions/glass/window_drips2.uasset" 147
"../../../../../../Users/PC-ST/Documents/Unreal Projects/Level-editing-2/blockout/Content/Assets/Materials/Functions/glass/window_spots.uasset" 148
"../../../../../../Users/PC-ST/Documents/Unreal Projects/Level-editing-2/blockout/Content/Assets/Materials/Functions/glass/Glass/T_Glass_dirtMask.uasset" 149
"../../../../../../Users/PC-ST/Documents/Unreal Projects/Level-editing-2/blockout/Content/Assets/Materials/Functions/glass/Glass/T_Glass_shattered2_mask.uasset" 150
"../../../../../../Users/PC-ST/Documents/Unreal Projects/Level-editing-2/blockout/Content/Assets/Materials/Functions/glass/Glass/T_Glass_shattered2_norm.uasset" 151
"../../../../../../Users/PC-ST/Documents/Unreal Projects/Level-editing-2/blockout/Content/Assets/Materials/Functions/glass/Glass/T_Glass_shattered_mask.uasset" 152
"../../../../../../Users/PC-ST/Documents/Unreal Projects/Level-editing-2/blockout/Content/Assets/Materials/Functions/glass/Glass/T_Glass_shattered_N.uasset" 153
"../../../../../../Users/PC-ST/Documents/Unreal Projects/Level-editing-2/blockout/Content/Assets/Materials/Functions/new_rust/rust-covered-metal-ao.uasset" 154
"../../../../../../Users/PC-ST/Documents/Unreal Projects/Level-editing-2/blockout/Content/Assets/Materials/Functions/new_rust/rust-covered-metal-metal.uasset" 155
"../../../../../../Users/PC-ST/Documents/Unreal Projects/Level-editing-2/blockout/Content/Assets/Materials/Functions/new_rust/rust-covered-metal-rough.uasset" 156
"../../../../../../Users/PC-ST/Documents/Unreal Projects/Level-editing-2/blockout/Content/Assets/Materials/Functions/rock_material/layered-rock1-ao.uasset" 157
"../../../../../../Users/PC-ST/Documents/Unreal Projects/Level-editing-2/blockout/Content/Assets/Materials/Functions/rock_material/layered-rock1-Metalness.uasset" 158
"../../../../../../Users/PC-ST/Documents/Unreal Projects/Level-editing-2/blockout/Content/Assets/Materials/Functions/rock_material/layered-rock1-rough.uasset" 159
"../../../../../../Users/PC-ST/Documents/Unreal Projects/Level-editing-2/blockout/Content/Assets/Materials/rock_material.uasset" 160
"../../../../../../Users/PC-ST/Documents/Unreal Projects/Level-editing-2/blockout/Content/Assets/Materials/mountain_old.uasset" 161
"../../../../../../Users/PC-ST/Documents/Unreal Projects/Level-editing-2/blockout/Content/Assets/Materials/Functions/rock_material/mountain.uasset" 162
"../../../../../../Users/PC-ST/Documents/Unreal Projects/Level-editing-2/blockout/Content/Assets/Materials/Functions/Sand/sandyground1_Height.uasset" 163
"../../../Engine/Content/Functions/Engine_MaterialFunctions02/SplitComponents.uasset" 164
"../../../../../../Users/PC-ST/Documents/Unreal Projects/Level-editing-2/blockout/Content/Assets/Materials/Highlight/MF_ConvolveTexture.uasset" 165
"../../../../../../Users/PC-ST/Documents/Unreal Projects/Level-editing-2/blockout/Content/Assets/Materials/Highlight/MF_ExtractDepth.uasset" 166
"../../../../../../Users/PC-ST/Documents/Unreal Projects/Level-editing-2/blockout/Content/Assets/Materials/Highlight/MF_SampleSceneTextureNeighbourUVs.uasset" 167
"../../../../../../Users/PC-ST/Documents/Unreal Projects/Level-editing-2/blockout/Content/Assets/Materials/Highlight/PP_Outliner_Inst.uasset" 168
"../../../../../../Users/PC-ST/Documents/Unreal Projects/Level-editing-2/blockout/Content/Assets/Materials/Highlight/PP_Outliner_M.uasset" 169
"../../../../../../Users/PC-ST/Documents/Unreal Projects/Level-editing-2/blockout/Content/Assets/Materials/Level_1/MEtal.uasset" 170
"../../../Engine/Content/Functions/Engine_MaterialFunctions02/Math/Pi.uasset" 171
"../../../Engine/Content/Functions/Engine_MaterialFunctions02/Utility/BlendAngleCorrectedNormals.uasset" 172
"../../../Engine/Content/Functions/MaterialLayerFunctions/MatLayerBlend_BakedNormal.uasset" 173
"../../../Engine/Content/Functions/MaterialLayerFunctions/MatLayerBlend_Emissive.uasset" 174
"../../../Engine/Content/Functions/MaterialLayerFunctions/MatLayerBlend_OverrideDisplacement.uasset" 175
"../../../../../../Users/PC-ST/Documents/Unreal Projects/Level-editing-2/blockout/Content/assets/Materials/Functions/PlasticFunc.uasset" 176
"../../../../../../Users/PC-ST/Documents/Unreal Projects/Level-editing-2/blockout/Content/Assets/displacement_experiement_Wall/heightmap-1k.uasset" 177
"../../../../../../Users/PC-ST/Documents/Unreal Projects/Level-editing-2/blockout/Content/Assets/displacement_experiement_Wall/metal-and-emmissive-map.uasset" 178
"../../../../../../Users/PC-ST/Documents/Unreal Projects/Level-editing-2/blockout/Content/Assets/displacement_experiement_Wall/normal-1K.uasset" 179
"../../../../../../Users/PC-ST/Documents/Unreal Projects/Level-editing-2/blockout/Content/Assets/Materials/scifi_walls.uasset" 180
"../../../../../../Users/PC-ST/Documents/Unreal Projects/Level-editing-2/blockout/Content/Assets/Materials/Level_1/walls.uasset" 181
"../../../../../../Users/PC-ST/Documents/Unreal Projects/Level-editing-2/blockout/Content/Assets/Materials/Level_3/Dirty_glass.uasset" 182
"../../../../../../Users/PC-ST/Documents/Unreal Projects/Level-editing-2/blockout/Content/assets/Materials/Level_3/T_Fire_Tiled_D.uasset" 183
"../../../../../../Users/PC-ST/Documents/Unreal Projects/Level-editing-2/blockout/Content/assets/Materials/Level_3/T_Rock_Basalt_N.uasset" 184
"../../../../../../Users/PC-ST/Documents/Unreal Projects/Level-editing-2/blockout/Content/Assets/Materials/Functions/LavaFunc.uasset" 185
"../../../../../../Users/PC-ST/Documents/Unreal Projects/Level-editing-2/blockout/Content/Assets/Materials/Lava_old.uasset" 186
"../../../../../../Users/PC-ST/Documents/Unreal Projects/Level-editing-2/blockout/Content/Assets/Materials/Level_3/Lava_Inst.uasset" 187
"../../../../../../Users/PC-ST/Documents/Unreal Projects/Level-editing-2/blockout/Content/Blueprints/TransformsAtTime.uasset" 188
"../../../../../../Users/PC-ST/Documents/Unreal Projects/Level-editing-2/blockout/Content/Blueprints/Base.uasset" 189
"../../../../../../Users/PC-ST/Documents/Unreal Projects/Level-editing-2/blockout/Content/assets/platform/platform_texture_1.uasset" 190
"../../../../../../Users/PC-ST/Documents/Unreal Projects/Level-editing-2/blockout/Content/assets/platform/platform_texture_1_emmissive_map.uasset" 191
"../../../../../../Users/PC-ST/Documents/Unreal Projects/Level-editing-2/blockout/Content/assets/platform/platform_texture_1_normal_map.uasset" 192
"../../../../../../Users/PC-ST/Documents/Unreal Projects/Level-editing-2/blockout/Content/assets/platform/Platform_fancy.uasset" 193
"../../../../../../Users/PC-ST/Documents/Unreal Projects/Level-editing-2/blockout/Content/Assets/platform/platform3.uasset" 194
"../../../../../../Users/PC-ST/Documents/Unreal Projects/Level-editing-2/blockout/Content/Blueprints/Platforms/Platform_Generic.uasset" 195
"../../../../../../Users/PC-ST/Documents/Unreal Projects/Level-editing-2/blockout/Content/Assets/platform/Platform_Generic.uasset" 196
"../../../../../../Users/PC-ST/Documents/Unreal Projects/Level-editing-2/blockout/Content/Assets/Random_pieces/M_pieces_FlatPlinth_Dirty_Metal_8B3CF8E64FF127DF2FA98E9C90AF61DA.uasset" 197
"../../../../../../Users/PC-ST/Documents/Unreal Projects/Level-editing-2/blockout/Content/Assets/Random_pieces/01_-_Default.uasset" 198
"../../../../../../Users/PC-ST/Documents/Unreal Projects/Level-editing-2/blockout/Content/Assets/Random_pieces/pieces_CornerBeam90in.uasset" 199
"../../../../../../Users/PC-ST/Documents/Unreal Projects/Level-editing-2/blockout/Content/Assets/Random_pieces/pieces_CornerBeam90out.uasset" 200
"../../../../../../Users/PC-ST/Documents/Unreal Projects/Level-editing-2/blockout/Content/Assets/Random_pieces/pieces_DoorHalf.uasset" 201
"../../../../../../Users/PC-ST/Documents/Unreal Projects/Level-editing-2/blockout/Content/Assets/Random_pieces/pieces_FlatPlinth90out.uasset" 202
"../../../../../../Users/PC-ST/Documents/Unreal Projects/Level-editing-2/blockout/Content/Assets/Random_pieces/02_-_Default.uasset" 203
"../../../../../../Users/PC-ST/Documents/Unreal Projects/Level-editing-2/blockout/Content/Assets/Random_pieces/pieces_Light.uasset" 204
"../../../../../../Users/PC-ST/Documents/Unreal Projects/Level-editing-2/blockout/Content/Assets/Random_pieces/pieces_Pipe90corner.uasset" 205
"../../../../../../Users/PC-ST/Documents/Unreal Projects/Level-editing-2/blockout/Content/Assets/Random_pieces/pieces_PipeS.uasset" 206
"../../../../../../Users/PC-ST/Documents/Unreal Projects/Level-editing-2/blockout/Content/Assets/Random_pieces/pieces_PipeSharp90.uasset" 207
"../../../../../../Users/PC-ST/Documents/Unreal Projects/Level-editing-2/blockout/Content/Assets/Sidewalk/T_M_sidewalk_assets_Box002_WorldGridMaterial_C627F0A0451CA5C3A5114DA29807C62B_BaseColor.uasset" 208
"../../../../../../Users/PC-ST/Documents/Unreal Projects/Level-editing-2/blockout/Content/Assets/Sidewalk/M_M_sidewalk_assets_Box002_WorldGridMaterial_C627F0A0451CA5C3A5114DA29807C62B.uasset" 209
"../../../Engine/Content/Functions/MaterialLayerFunctions/MatLayerBlend_MultiplyBaseColor.uasset" 210
"../../../../../../Users/PC-ST/Documents/Unreal Projects/Level-editing-2/blockout/Content/Assets/Materials/Trim/TrimAO.uasset" 211
"../../../../../../Users/PC-ST/Documents/Unreal Projects/Level-editing-2/blockout/Content/Assets/Materials/Trim/TrimMaskScratchAO.uasset" 212
"../../../../../../Users/PC-ST/Documents/Unreal Projects/Level-editing-2/blockout/Content/Assets/Materials/Trim/TrimNormals.uasset" 213
"../../../../../../Users/PC-ST/Documents/Unreal Projects/Level-editing-2/blockout/Content/Assets/Materials/Trim/Trim_Material.uasset" 214
"../../../../../../Users/PC-ST/Documents/Unreal Projects/Level-editing-2/blockout/Content/Assets/Tech_Box/tech_Box.uasset" 215
"../../../../../../Users/PC-ST/Documents/Unreal Projects/Level-editing-2/blockout/Content/Assets/Tech_Box/tech_box_Box.uasset" 216
"../../../../../../Users/PC-ST/Documents/Unreal Projects/Level-editing-2/blockout/Content/Assets/Walls/Dirt_Decal.uasset" 217
"../../../../../../Users/PC-ST/Documents/Unreal Projects/Level-editing-2/blockout/Content/Assets/Walls/NewMaterial.uasset" 218
"../../../../../../Users/PC-ST/Documents/Unreal Projects/Level-editing-2/blockout/Content/Assets/Wall_3rd_floor/Rust.uasset" 219
"../../../../../../Users/PC-ST/Documents/Unreal Projects/Level-editing-2/blockout/Content/Assets/Wall_3rd_floor/Wall_texture.uasset" 220
"../../../../../../Users/PC-ST/Documents/Unreal Projects/Level-editing-2/blockout/Content/Assets/Materials/Trim/Trim_Material_pickup.uasset" 221
"../../../../../../Users/PC-ST/Documents/Unreal Projects/Level-editing-2/blockout/Content/assets/HealthBox/Red.uasset" 222
"../../../../../../Users/PC-ST/Documents/Unreal Projects/Level-editing-2/blockout/Content/Assets/HealthBox/Health.uasset" 223
"../../../../../../Users/PC-ST/Documents/Unreal Projects/Level-editing-2/blockout/Content/Assets/HealthBox/HealthBox_HealthBox.uasset" 224
"../../../Engine/Content/EngineFonts/Faces/DroidSansMono.uasset" 225
"../../../Engine/Content/EngineFonts/DroidSansMono.uasset" 226
"../../../../../../Users/PC-ST/Documents/Unreal Projects/Level-editing-2/blockout/Content/Blueprints/pickup.uasset" 227
"../../../../../../Users/PC-ST/Documents/Unreal Projects/Level-editing-2/blockout/Content/Blueprints/Collectable.uasset" 228
"../../../../../../Users/PC-ST/Documents/Unreal Projects/Level-editing-2/blockout/Content/LevelEditingProject/GameLogicDontTouch/InteractInterface.uasset" 229
"../../../Engine/Content/EngineMaterials/DefaultMaterial.uasset" 230
"../../../Engine/Content/EngineMeshes/Cube.uasset" 231
"../../../../../../Users/PC-ST/Documents/Unreal Projects/Level-editing-2/blockout/Content/LevelEditingProject/UI_Textures_Font/InteractDisabledIcon.uasset" 232
"../../../../../../Users/PC-ST/Documents/Unreal Projects/Level-editing-2/blockout/Content/LevelEditingProject/GameLogicDontTouch/InteractDisabledWidget.uasset" 233
"../../../../../../Users/PC-ST/Documents/Unreal Projects/Level-editing-2/blockout/Content/LevelEditingProject/UI_Textures_Font/InteractIcon.uasset" 234
"../../../../../../Users/PC-ST/Documents/Unreal Projects/Level-editing-2/blockout/Content/LevelEditingProject/GameLogicDontTouch/InteractWidget.uasset" 235
"../../../../../../Users/PC-ST/Documents/Unreal Projects/Level-editing-2/blockout/Content/LevelEditingProject/Meshes/TemplateCube_Rounded.uasset" 236
"../../../../../../Users/PC-ST/Documents/Unreal Projects/Level-editing-2/blockout/Content/LevelEditingProject/Item_Activate.uasset" 237
"../../../../../../Users/PC-ST/Documents/Unreal Projects/Level-editing-2/blockout/Content/LevelEditingProject/Volume_CarryCollection.uasset" 238
"../../../../../../Users/PC-ST/Documents/Unreal Projects/Level-editing-2/blockout/Content/LevelEditingProject/Item_CarryPhysics.uasset" 239
"../../../../../../Users/PC-ST/Documents/Unreal Projects/Level-editing-2/blockout/Content/LevelEditingProject/Item_Collect.uasset" 240
"../../../../../../Users/PC-ST/Documents/Unreal Projects/Level-editing-2/blockout/Content/LevelEditingProject/Materials/PostProcessOutline/MF_ConvolveTexture.uasset" 241
"../../../../../../Users/PC-ST/Documents/Unreal Projects/Level-editing-2/blockout/Content/LevelEditingProject/Materials/PostProcessOutline/MF_ExtractDepth.uasset" 242
"../../../../../../Users/PC-ST/Documents/Unreal Projects/Level-editing-2/blockout/Content/LevelEditingProject/Materials/PostProcessOutline/MF_SampleSceneTextureNeighbourUVs.uasset" 243
"../../../../../../Users/PC-ST/Documents/Unreal Projects/Level-editing-2/blockout/Content/LevelEditingProject/Materials/PostProcessOutline/PP_Outliner_M.uasset" 244
"../../../../../../Users/PC-ST/Documents/Unreal Projects/Level-editing-2/blockout/Content/LevelEditingProject/Materials/PostProcessOutline/PP_Outliner_Inst.uasset" 245
"../../../../../../Users/PC-ST/Documents/Unreal Projects/Level-editing-2/blockout/Content/LevelEditingProject/UI_Textures_Font/Exan-Regular.uasset" 246
"../../../../../../Users/PC-ST/Documents/Unreal Projects/Level-editing-2/blockout/Content/LevelEditingProject/UI_Textures_Font/Exan-Regular_Font.uasset" 247
"../../../../../../Users/PC-ST/Documents/Unreal Projects/Level-editing-2/blockout/Content/LevelEditingProject/GameLogicDontTouch/TextWidget.uasset" 248
"../../../../../../Users/PC-ST/Documents/Unreal Projects/Level-editing-2/blockout/Content/LevelEditingProject/StudentInformationWidget.uasset" 249
"../../../../../../Users/PC-ST/Documents/Unreal Projects/Level-editing-2/blockout/Content/LevelEditingProject/GameLogicDontTouch/FirstPersonCharacter.uasset" 250
"../../../../../../Users/PC-ST/Documents/Unreal Projects/Level-editing-2/blockout/Content/LevelEditingProject/Meshes/PlatformMesh.uasset" 251
"../../../../../../Users/PC-ST/Documents/Unreal Projects/Level-editing-2/blockout/Content/LevelEditingProject/Door.uasset" 252
"../../../../../../Users/PC-ST/Documents/Unreal Projects/Level-editing-2/blockout/Content/LevelEditingProject/GameLogicDoTouch/InteractDisabledWidget.uasset" 253
"../../../../../../Users/PC-ST/Documents/Unreal Projects/Level-editing-2/blockout/Content/LevelEditingProject/GameLogicDoTouch/InteractWidget.uasset" 254
"../../../../../../Users/PC-ST/Documents/Unreal Projects/Level-editing-2/blockout/Content/LevelEditingProject/UI_Textures_Font/Orbitron_Medium.uasset" 255
"../../../../../../Users/PC-ST/Documents/Unreal Projects/Level-editing-2/blockout/Content/LevelEditingProject/UI_Textures_Font/Orbitron_Medium_Font.uasset" 256
"../../../Engine/Content/Animation/DefaultAnimCurveCompressionSettings.uasset" 257
"../../../Engine/Content/ArtTools/RenderToTexture/Meshes/S_1_Unit_Plane.uasset" 258
"../../../Engine/Content/BasicShapes/Cone.uasset" 259
"../../../Engine/Content/BasicShapes/Cube.uasset" 260
"../../../Engine/Content/BasicShapes/Cylinder.uasset" 261
"../../../Engine/Content/BasicShapes/Plane.uasset" 262
"../../../Engine/Content/BasicShapes/Sphere.uasset" 263
"../../../Engine/Content/EditorLandscapeResources/DataLayer.uasset" 264
"../../../Engine/Content/EditorMaterials/GizmoMaterial.uasset" 265
"../../../Engine/Content/EditorMaterials/MAT_Groups_Toggle.uasset" 266
"../../../Engine/Content/EditorMaterials/MAT_Groups_Visibility.uasset" 267
"../../../Engine/Content/EditorMaterials/PreviewShadowIndicator.uasset" 268
"../../../Engine/Content/EditorMaterials/PreviewShadowIndicatorMaterial.uasset" 269
"../../../Engine/Content/EditorMaterials/MatineeGroups/MAT_ColorTrack.uasset" 270
"../../../Engine/Content/EditorMaterials/MatineeGroups/MAT_Groups_Anim.uasset" 271
"../../../Engine/Content/EditorMaterials/MatineeGroups/MAT_Groups_AudioMaster.uasset" 272
"../../../Engine/Content/EditorMaterials/MatineeGroups/MAT_Groups_Director.uasset" 273
"../../../Engine/Content/EditorMaterials/MatineeGroups/MAT_Groups_Event.uasset" 274
"../../../Engine/Content/EditorMaterials/MatineeGroups/MAT_Groups_Fade.uasset" 275
"../../../Engine/Content/EditorMaterials/MatineeGroups/MAT_Groups_Float.uasset" 276
"../../../Engine/Content/EditorMaterials/MatineeGroups/MAT_Groups_Move.uasset" 277
"../../../Engine/Content/EditorMaterials/MatineeGroups/MAT_Groups_Slomo.uasset" 278
"../../../Engine/Content/EditorMaterials/MatineeGroups/MAT_Groups_Sound.uasset" 279
"../../../Engine/Content/EditorMaterials/MatineeGroups/MAT_Groups_Vector.uasset" 280
"../../../Engine/Content/EditorMaterials/ParticleSystems/PSysThumbnail_NoImage.uasset" 281
"../../../Engine/Content/EditorMaterials/ParticleSystems/PSysThumbnail_OOD.uasset" 282
"../../../Engine/Content/EditorMaterials/Camera/CineMat.uasset" 283
"../../../Engine/Content/EditorMaterials/Camera/MI_CineMat_Rig.uasset" 284
"../../../Engine/Content/EditorMeshes/Camera/SM_CraneRig_Arm.uasset" 285
"../../../Engine/Content/EditorMeshes/Camera/SM_CraneRig_Base.uasset" 286
"../../../Engine/Content/EditorMeshes/Camera/SM_CraneRig_Body.uasset" 287
"../../../Engine/Content/EditorMeshes/Camera/SM_CraneRig_Mount.uasset" 288
"../../../Engine/Content/EditorMeshes/Camera/SM_RailRig_Mount.uasset" 289
"../../../Engine/Content/EditorMeshes/Camera/SM_RailRig_Track.uasset" 290
"../../../Engine/Content/EditorResources/BSPVertex.uasset" 291
"../../../Engine/Content/EditorResources/EmptyActor.uasset" 292
"../../../Engine/Content/EditorResources/S_Actor.uasset" 293
"../../../Engine/Content/EditorResources/S_Note.uasset" 294
"../../../Engine/Content/EditorResources/S_Trigger.uasset" 295
"../../../Engine/Content/EditorResources/LightIcons/S_LightError.uasset" 296
"../../../Engine/Content/EditorResources/SequenceRecorder/Countdown.uasset" 297
"../../../Engine/Content/EditorResources/SequenceRecorder/RecordingIndicator.uasset" 298
"../../../Engine/Content/EditorSounds/Notifications/CompileFailed.uasset" 299
"../../../Engine/Content/EditorSounds/Notifications/CompileFailed_Cue.uasset" 300
"../../../Engine/Content/EditorSounds/Notifications/CompileSuccess.uasset" 301
"../../../Engine/Content/EditorSounds/Notifications/CompileStart_Cue.uasset" 302
"../../../Engine/Content/EditorSounds/Notifications/CompileSuccess_Cue.uasset" 303
"../../../Engine/Content/EngineDamageTypes/DmgTypeBP_Environmental.uasset" 304
"../../../Engine/Content/EngineDebugMaterials/HeatmapGradient.uasset" 305
"../../../Engine/Content/EngineDebugMaterials/BoneWeightMaterial.uasset" 306
"../../../Engine/Content/EngineDebugMaterials/ClothMaterial.uasset" 307
"../../../Engine/Content/EngineDebugMaterials/ClothMaterial_WF.uasset" 308
"../../../Engine/Content/EngineDebugMaterials/DebugEditorMaterial.uasset" 309
"../../../Engine/Content/EngineDebugMaterials/DebugMeshMaterial.uasset" 310
"../../../Engine/Content/EngineDebugMaterials/GeomMaterial.uasset" 311
"../../../Engine/Content/EngineDebugMaterials/M_SimpleTranslucent.uasset" 312
"../../../Engine/Content/EngineFonts/Faces/RobotoBold.uasset" 313
"../../../Engine/Content/EngineFonts/Faces/RobotoBoldItalic.uasset" 314
"../../../Engine/Content/EngineFonts/Faces/RobotoItalic.uasset" 315
"../../../Engine/Content/EngineFonts/Faces/RobotoLight.uasset" 316
"../../../Engine/Content/EngineFonts/Faces/RobotoRegular.uasset" 317
"../../../Engine/Content/EngineFonts/Roboto.uasset" 318
"../../../Engine/Content/EngineFonts/Faces/RobotoTiny.uasset" 319
"../../../Engine/Content/EngineFonts/RobotoTiny.uasset" 320
"../../../Engine/Content/EngineMaterials/BaseFlattenMaterial.uasset" 321
"../../../Engine/Content/EngineMaterials/DefaultBloomKernel.uasset" 322
"../../../Engine/Content/EngineMaterials/DefaultBokeh.uasset" 323
"../../../Engine/Content/EngineMaterials/DefaultDiffuse.uasset" 324
"../../../Engine/Content/EngineMaterials/DefaultDeferredDecalMaterial.uasset" 325
"../../../Engine/Content/EngineMaterials/DefaultLightFunctionMaterial.uasset" 326
"../../../Engine/Content/EngineMaterials/DefaultPostProcessMaterial.uasset" 327
"../../../Engine/Content/EngineFonts/RobotoDistanceField.uasset" 328
"../../../Engine/Content/EngineMaterials/DefaultTextMaterialOpaque.uasset" 329
"../../../Engine/Content/EngineMaterials/DefaultWhiteGrid.uasset" 330
"../../../Engine/Content/EngineMaterials/EditorBrushMaterial.uasset" 331
"../../../Engine/Content/EngineMaterials/Good64x64TilingNoiseHighFreq.uasset" 332
"../../../Engine/Content/EngineMaterials/MiniFont.uasset" 333
"../../../Engine/Content/EngineMaterials/InvalidLightmapSettings.uasset" 334
"../../../Engine/Content/EngineMaterials/M_InvalidLightmapSettings.uasset" 335
"../../../Engine/Content/Functions/Engine_MaterialFunctions02/WorldPositionOffset/CameraOffset.uasset" 336
"../../../Engine/Content/EngineMaterials/PhAT_JointLimitMaterial.uasset" 337
"../../../Engine/Content/EngineMaterials/PreintegratedSkinBRDF.uasset" 338
"../../../Engine/Content/EngineMaterials/RemoveSurfaceMaterial.uasset" 339
"../../../Engine/Content/EngineMaterials/WeightMapPlaceholderTexture.uasset" 340
"../../../Engine/Content/EngineResources/WhiteSquareTexture.uasset" 341
"../../../Engine/Content/EngineMaterials/Widget3DPassThrough.uasset" 342
"../../../Engine/Content/EngineMaterials/Widget3DPassThrough_Masked.uasset" 343
"../../../Engine/Content/EngineMaterials/Widget3DPassThrough_Opaque.uasset" 344
"../../../Engine/Content/EngineMaterials/Widget3DPassThrough_Masked_OneSided.uasset" 345
"../../../Engine/Content/EngineMaterials/Widget3DPassThrough_Opaque_OneSided.uasset" 346
"../../../Engine/Content/EngineMaterials/Widget3DPassThrough_Translucent.uasset" 347
"../../../Engine/Content/EngineMaterials/Widget3DPassThrough_Translucent_OneSided.uasset" 348
"../../../Engine/Content/EngineMeshes/Cylinder.uasset" 349
"../../../Engine/Content/EngineMeshes/Sphere.uasset" 350
"../../../Engine/Content/EngineResources/Black.uasset" 351
"../../../Engine/Content/EngineResources/DefaultTexture.uasset" 352
"../../../Engine/Content/EngineResources/DefaultTextureCube.uasset" 353
"../../../Engine/Content/EngineResources/DefaultVolumeTexture2D.uasset" 354
"../../../Engine/Content/EngineResources/DefaultVolumeTexture.uasset" 355
"../../../Engine/Content/EngineResources/GradientTexture0.uasset" 356
"../../../Engine/Content/EngineSounds/Master.uasset" 357
"../../../Engine/Content/Functions/Engine_MaterialFunctions01/Shading/ConvertFromDiffSpec.uasset" 358
"../../../Engine/Content/Functions/Engine_MaterialFunctions01/Shading/PowerToRoughness.uasset" 359
"../../../Engine/Content/Maps/Templates/Thumbnails/Default.uasset" 360
"../../../Engine/Content/Maps/Templates/Thumbnails/VR-Basic.uasset" 361
"../../../Engine/Content/MobileResources/T_MobileControls_texture.uasset" 362
"../../../Engine/Content/MobileResources/T_MobileMenu2.uasset" 363
"../../../Engine/Content/MobileResources/HUD/AnalogHat.uasset" 364
"../../../Engine/Content/MobileResources/HUD/VirtualJoystick_Background.uasset" 365
"../../../Engine/Content/MobileResources/HUD/VirtualJoystick_Thumb.uasset" 366
"../../../Engine/Content/MobileResources/HUD/DefaultVirtualJoysticks.uasset" 367
"../../../Engine/Content/MobileResources/HUD/LeftVirtualJoystickOnly.uasset" 368
"../../../Engine/Content/MobileResources/HUD/MobileHUDButton1_off.uasset" 369
"../../../Engine/Content/MobileResources/HUD/MobileHUDButton1_on.uasset" 370
"../../../Engine/Content/MobileResources/HUD/MobileHUDButton2_off.uasset" 371
"../../../Engine/Content/MobileResources/HUD/MobileHUDButton2_on.uasset" 372
"../../../Engine/Content/MobileResources/HUD/MobileHUDButton3.uasset" 373
"../../../Engine/Content/MobileResources/HUD/MobileHUDButtonFire.uasset" 374
"../../../Engine/Content/MobileResources/HUD/MobileHUDDirectionPad.uasset" 375
"../../../Engine/Content/MobileResources/HUD/MobileHUDDirectionPad2.uasset" 376
"../../../Engine/Content/MobileResources/HUD/MobileHUDDirectionPad3.uasset" 377
"../../../Engine/Content/MobileResources/HUD/MobileHUDDirectionStick.uasset" 378
"../../../Engine/Content/MobileResources/HUD/T_Castle_ThumbstickInner.uasset" 379
"../../../Engine/Content/MobileResources/HUD/T_Castle_ThumbstickOutter.uasset" 380
"../../../Engine/Content/Tutorial/ContentIntroCurve.uasset" 381
"../../../Engine/Content/Tutorial/Basics/LevelEditorAttract.uasset" 382
"../../../Engine/Content/VREditor/LaserPointer/VR_LaserPower_01.uasset" 383
"../../../Engine/Content/VREditor/TransformGizmo/TransformGizmoMaterial.uasset" 384
"../../../Engine/Content/VREditor/TransformGizmo/TranslucentTransformGizmoMaterial.uasset" 385
"../../../Engine/Content/VREditor/TransformGizmo/BoundingBoxCorner.uasset" 386
"../../../Engine/Content/VREditor/TransformGizmo/BoundingBoxEdge.uasset" 387
"../../../Engine/Content/VREditor/TransformGizmo/PlaneTranslationHandle.uasset" 388
"../../../Engine/Content/VREditor/TransformGizmo/Main.uasset" 389
"../../../Engine/Content/VREditor/TransformGizmo/Xray.uasset" 390
"../../../Engine/Content/VREditor/TransformGizmo/SM_Sequencer_Key.uasset" 391
"../../../Engine/Content/VREditor/TransformGizmo/SM_Sequencer_Node.uasset" 392
"../../Plugins/2D/Paper2D/Content/PlaceholderTextures/DummySpriteTexture.uasset" 393
"../../Plugins/2D/Paper2D/Content/DummySprite.uasset" 394
"../../Plugins/2D/Paper2D/Content/DefaultPaperTerrainMaterial.uasset" 395
"../../Plugins/2D/Paper2D/Content/DummySpriteTexture.uasset" 396
"../../Plugins/2D/Paper2D/Content/DefaultSpriteMaterial.uasset" 397
"../../Plugins/2D/Paper2D/Content/MaskedUnlitSpriteMaterial.uasset" 398
"../../Plugins/2D/Paper2D/Content/OpaqueUnlitSpriteMaterial.uasset" 399
"../../Plugins/Runtime/Oculus/OculusVR/Content/OculusMR_RenderTarget.uasset" 400
"../../../Engine/Content/Functions/Engine_MaterialFunctions02/Utility/BreakOutFloat4Components.uasset" 401
"../../../Engine/Content/Functions/Engine_MaterialFunctions02/Utility/MakeFloat2.uasset" 402
"../../../Engine/Content/Functions/Engine_MaterialFunctions02/Utility/MakeFloat3.uasset" 403
"../../Plugins/Runtime/Oculus/OculusVR/Content/Materials/OculusMR_ChromaKey.uasset" 404
"../../Plugins/Runtime/Oculus/OculusVR/Content/Materials/OculusMR_ChromaKey_Lit.uasset" 405
"../../Plugins/Runtime/Oculus/OculusVR/Content/Materials/OculusMR_OpaqueColoredMaterial.uasset" 406
"../../Plugins/Runtime/Oculus/OculusVR/Content/Materials/OculusMR_WhiteMaterial.uasset" 407
"../../Plugins/Runtime/Oculus/OculusVR/Content/Materials/PokeAHoleMaterial.uasset" 408
"../../Plugins/Runtime/Oculus/OculusVR/Content/Textures/GearVRController_AO.uasset" 409
"../../Plugins/Runtime/Oculus/OculusVR/Content/Textures/GearVRController_Color.uasset" 410
"../../Plugins/Runtime/Oculus/OculusVR/Content/Textures/GearVRController_Normal.uasset" 411
"../../Plugins/Runtime/Oculus/OculusVR/Content/Materials/GearVRControllerMaterial.uasset" 412
"../../Plugins/Runtime/Oculus/OculusVR/Content/Meshes/GearVrController.uasset" 413
"../../Plugins/Runtime/Oculus/OculusVR/Content/Textures/touchController_albedo.uasset" 414
"../../Plugins/Runtime/Oculus/OculusVR/Content/Textures/touchController_controlmap.uasset" 415
"../../Plugins/Runtime/Oculus/OculusVR/Content/Materials/touchController_mat.uasset" 416
"../../Plugins/Runtime/Oculus/OculusVR/Content/Meshes/LeftTouchController.uasset" 417
"../../Plugins/Runtime/Oculus/OculusVR/Content/Meshes/RiftHMD.uasset" 418
"../../Plugins/Runtime/Oculus/OculusVR/Content/Meshes/RightTouchController.uasset" 419
"../../../../../../Users/PC-ST/Documents/Unreal Projects/Level-editing-2/blockout/Content/Blueprints/whilewithdelay.uasset" 420
"../../../Engine/Content/EngineSky/C_Sky_Cloud_Color.uasset" 421
"../../../Engine/Content/EngineSky/C_Sky_Horizon_Color.uasset" 422
"../../../Engine/Content/EngineSky/C_Sky_Zenith_Color.uasset" 423
"../../../Engine/Content/EngineSky/T_Sky_Blue.uasset" 424
"../../../Engine/Content/EngineSky/T_Sky_Clouds_M.uasset" 425
"../../../Engine/Content/EngineSky/T_Sky_Stars.uasset" 426
"../../../Engine/Content/EngineSky/M_Sky_Panning_Clouds2.uasset" 427
"../../../Engine/Content/EngineSky/SM_SkySphere.uasset" 428
"../../../Engine/Content/EngineSky/BP_Sky_Sphere.uasset" 429
"../../../../../../Users/PC-ST/Documents/Unreal Projects/Level-editing-2/blockout/Content/Assets/Light_Cone/texture.uasset" 430
"../../../../../../Users/PC-ST/Documents/Unreal Projects/Level-editing-2/blockout/Content/Assets/Light_Cone/Lcone_mat.uasset" 431
"../../../../../../Users/PC-ST/Documents/Unreal Projects/Level-editing-2/blockout/Content/Assets/Light_Cone/Lcone.uasset" 432
"../../../../../../Users/PC-ST/Documents/Unreal Projects/Level-editing-2/blockout/Content/assets/Light_Cone/lcone_mesh.uasset" 433
"../../../../../../Users/PC-ST/Documents/Unreal Projects/Level-editing-2/blockout/Content/Assets/Light_Cone/Light_Cone.uasset" 434
"../../../../../../Users/PC-ST/Documents/Unreal Projects/Level-editing-2/blockout/Content/Assets/Lights/LightActivity.uasset" 435
"../../../../../../Users/PC-ST/Documents/Unreal Projects/Level-editing-2/blockout/Content/Assets/Lights/LightEmmissive.uasset" 436
"../../../../../../Users/PC-ST/Documents/Unreal Projects/Level-editing-2/blockout/Content/Assets/Lights/lights_Cylinder001.uasset" 437
"../../../../../../Users/PC-ST/Documents/Unreal Projects/Level-editing-2/blockout/Content/Assets/Lights/Light1.uasset" 438
"../../../../../../Users/PC-ST/Documents/Unreal Projects/Level-editing-2/blockout/Content/Assets/Lights/lights_Cylinder002.uasset" 439
"../../../../../../Users/PC-ST/Documents/Unreal Projects/Level-editing-2/blockout/Content/Assets/Lights/Light2.uasset" 440
"../../../../../../Users/PC-ST/Documents/Unreal Projects/Level-editing-2/blockout/Content/Third_Person_For_Reference/Mannequin/Character/Mesh/UE4_Mannequin_Skeleton.uasset" 441
"../../../../../../Users/PC-ST/Documents/Unreal Projects/Level-editing-2/blockout/Content/Third_Person_For_Reference/Mannequin/Animations/ThirdPerson_Jump.uasset" 442
"../../../../../../Users/PC-ST/Documents/Unreal Projects/Level-editing-2/blockout/Content/Third_Person_For_Reference/Mannequin/Animations/ThirdPersonJump_Loop.uasset" 443
"../../../../../../Users/PC-ST/Documents/Unreal Projects/Level-editing-2/blockout/Content/Third_Person_For_Reference/Mannequin/Animations/ThirdPersonJump_Start.uasset" 444
"../../../../../../Users/PC-ST/Documents/Unreal Projects/Level-editing-2/blockout/Content/Third_Person_For_Reference/Mannequin/Animations/ThirdPersonIdle.uasset" 445
"../../../../../../Users/PC-ST/Documents/Unreal Projects/Level-editing-2/blockout/Content/Third_Person_For_Reference/Mannequin/Animations/ThirdPersonRun.uasset" 446
"../../../../../../Users/PC-ST/Documents/Unreal Projects/Level-editing-2/blockout/Content/Third_Person_For_Reference/Mannequin/Animations/ThirdPersonWalk.uasset" 447
"../../../../../../Users/PC-ST/Documents/Unreal Projects/Level-editing-2/blockout/Content/Third_Person_For_Reference/Mannequin/Animations/ThirdPerson_IdleRun_2D.uasset" 448
"../../../../../../Users/PC-ST/Documents/Unreal Projects/Level-editing-2/blockout/Content/Third_Person_For_Reference/Mannequin/Animations/ThirdPerson_AnimBP.uasset" 449
"../../../../../../Users/PC-ST/Documents/Unreal Projects/Level-editing-2/blockout/Content/Blueprints/Interactions/Interactions.uasset" 450
"../../../../../../Users/PC-ST/Documents/Unreal Projects/Level-editing-2/blockout/Content/Blueprints/TransformAtTimeFuncs.uasset" 451
"../../../../../../Users/PC-ST/Documents/Unreal Projects/Level-editing-2/blockout/Content/LevelEditingProject/GameLogicDoTouch/3D_GameMode.uasset" 452
"../../../../../../Users/PC-ST/Documents/Unreal Projects/Level-editing-2/blockout/Content/LevelEditingProject/GameLogicDoTouch/InteractInterface.uasset" 453
"../../../Engine/Content/Functions/MaterialLayerFunctions/MatLayerBlend_NormalBlend.uasset" 454
"../../../Engine/Content/Functions/MaterialLayerFunctions/MatLayerBlend_Simple.uasset" 455
"../../../../../../Users/PC-ST/Documents/Unreal Projects/Level-editing-2/blockout/Content/Third_Person_For_Reference/Mannequin/Character/Materials/MaterialLayers/T_ML_Rubber_Blue_01_D.uasset" 456
"../../../../../../Users/PC-ST/Documents/Unreal Projects/Level-editing-2/blockout/Content/Third_Person_For_Reference/Mannequin/Character/Materials/MaterialLayers/T_ML_Rubber_Blue_01_N.uasset" 457
"../../../../../../Users/PC-ST/Documents/Unreal Projects/Level-editing-2/blockout/Content/Third_Person_For_Reference/Mannequin/Character/Materials/MaterialLayers/ML_GlossyBlack_Latex_UE4.uasset" 458
"../../../../../../Users/PC-ST/Documents/Unreal Projects/Level-editing-2/blockout/Content/Third_Person_For_Reference/Mannequin/Character/Materials/MaterialLayers/ML_Plastic_Shiny_Beige.uasset" 459
"../../../../../../Users/PC-ST/Documents/Unreal Projects/Level-editing-2/blockout/Content/Third_Person_For_Reference/Mannequin/Character/Textures/UE4_LOGO_CARD.uasset" 460
"../../../../../../Users/PC-ST/Documents/Unreal Projects/Level-editing-2/blockout/Content/Third_Person_For_Reference/Mannequin/Character/Materials/MaterialLayers/ML_Plastic_Shiny_Beige_LOGO.uasset" 461
"../../../../../../Users/PC-ST/Documents/Unreal Projects/Level-editing-2/blockout/Content/Third_Person_For_Reference/Mannequin/Character/Materials/MaterialLayers/T_ML_Aluminum01.uasset" 462
"../../../../../../Users/PC-ST/Documents/Unreal Projects/Level-editing-2/blockout/Content/Third_Person_For_Reference/Mannequin/Character/Materials/MaterialLayers/T_ML_Aluminum01_N.uasset" 463
"../../../../../../Users/PC-ST/Documents/Unreal Projects/Level-editing-2/blockout/Content/Third_Person_For_Reference/Mannequin/Character/Materials/MaterialLayers/ML_SoftMetal_UE4.uasset" 464
"../../../../../../Users/PC-ST/Documents/Unreal Projects/Level-editing-2/blockout/Content/Third_Person_For_Reference/Mannequin/Character/Textures/UE4_Mannequin__normals.uasset" 465
"../../../../../../Users/PC-ST/Documents/Unreal Projects/Level-editing-2/blockout/Content/Third_Person_For_Reference/Mannequin/Character/Textures/UE4_Mannequin_MAT_MASKA.uasset" 466
"../../../../../../Users/PC-ST/Documents/Unreal Projects/Level-editing-2/blockout/Content/Third_Person_For_Reference/Mannequin/Character/Materials/M_UE4Man_Body.uasset" 467
"../../../../../../Users/PC-ST/Documents/Unreal Projects/Level-editing-2/blockout/Content/Third_Person_For_Reference/Mannequin/Character/Textures/UE4Man_Logo_N.uasset" 468
"../../../../../../Users/PC-ST/Documents/Unreal Projects/Level-editing-2/blockout/Content/Third_Person_For_Reference/Mannequin/Character/Materials/M_UE4Man_ChestLogo.uasset" 469
"../../../../../../Users/PC-ST/Documents/Unreal Projects/Level-editing-2/blockout/Content/Third_Person_For_Reference/Mannequin/Character/Mesh/SK_Mannequin_PhysicsAsset.uasset" 470
"../../../../../../Users/PC-ST/Documents/Unreal Projects/Level-editing-2/blockout/Content/Third_Person_For_Reference/Mannequin/Character/Mesh/SK_Mannequin.uasset" 471
"../../../../../../Users/PC-ST/Documents/Unreal Projects/Level-editing-2/blockout/Content/TimerHUD.uasset" 472
"../../../../../../Users/PC-ST/Documents/Unreal Projects/Level-editing-2/blockout/Content/LevelEditingProject/GameLogicDoTouch/MainCharacter.uasset" 473
"../../../../../../Users/PC-ST/Documents/Unreal Projects/Level-editing-2/blockout/Content/assets/Orb/Outer_Layer.uasset" 474
"../../../../../../Users/PC-ST/Documents/Unreal Projects/Level-editing-2/blockout/Content/Assets/Orb/Inner_Layer.uasset" 475
"../../../../../../Users/PC-ST/Documents/Unreal Projects/Level-editing-2/blockout/Content/Assets/Orb/orb.uasset" 476
"../../../../../../Users/PC-ST/Documents/Unreal Projects/Level-editing-2/blockout/Content/Assets/Orb/Collectable.uasset" 477
"../../../../../../Users/PC-ST/Documents/Unreal Projects/Level-editing-2/blockout/Content/Assets/Rotor/Rotor_mat01_9.uasset" 478
"../../../../../../Users/PC-ST/Documents/Unreal Projects/Level-editing-2/blockout/Content/Assets/Rotor/RotorColor1.uasset" 479
"../../../../../../Users/PC-ST/Documents/Unreal Projects/Level-editing-2/blockout/Content/Assets/Rotor/RotorColor2.uasset" 480
"../../../../../../Users/PC-ST/Documents/Unreal Projects/Level-editing-2/blockout/Content/Assets/Rotor/RotorColor3.uasset" 481
"../../../../../../Users/PC-ST/Documents/Unreal Projects/Level-editing-2/blockout/Content/assets/Rotor/rotor01.uasset" 482
"../../../../../../Users/PC-ST/Documents/Unreal Projects/Level-editing-2/blockout/Content/assets/Rotor/Rotor02.uasset" 483
"../../../../../../Users/PC-ST/Documents/Unreal Projects/Level-editing-2/blockout/Content/Assets/Rotor/Rotor.uasset" 484
"../../../../../../Users/PC-ST/Documents/Unreal Projects/Level-editing-2/blockout/Content/Assets/Sidewalk/sidewalk_assets_Loft001.uasset" 485
"../../../../../../Users/PC-ST/Documents/Unreal Projects/Level-editing-2/blockout/Content/Assets/Sidewalk/sidewalk.uasset" 486
"../../../../../../Users/PC-ST/Documents/Unreal Projects/Level-editing-2/blockout/Content/Assets/Sidewalk/simple_Sidewalk.uasset" 487
"../../../../../../Users/PC-ST/Documents/Unreal Projects/Level-editing-2/blockout/Content/Assets/Small_Door/small_door_Door001.uasset" 488
"../../../../../../Users/PC-ST/Documents/Unreal Projects/Level-editing-2/blockout/Content/Assets/Small_Door/small_door_Gate001.uasset" 489
"../../../../../../Users/PC-ST/Documents/Unreal Projects/Level-editing-2/blockout/Content/Assets/Small_Door/small_door_Light_up001.uasset" 490
"../../../../../../Users/PC-ST/Documents/Unreal Projects/Level-editing-2/blockout/Content/Assets/Small_Door/door2.uasset" 491
"../../../../../../Users/PC-ST/Documents/Unreal Projects/Level-editing-2/blockout/Content/Blueprints/elevation.uasset" 492
"../../../../../../Users/PC-ST/Documents/Unreal Projects/Level-editing-2/blockout/Content/LevelEditingProject/Volume_LevelEnd.uasset" 493
"../../../../../../Users/PC-ST/Documents/Unreal Projects/Level-editing-2/blockout/Content/Untitled_BuiltData.uasset" 494
"../../../../../../Users/PC-ST/Documents/Unreal Projects/Level-editing-2/blockout/Content/Assets/Materials/Functions/Concrete/patchy_cement1_Ambient_Occlusion.uasset" 495
"../../../../../../Users/PC-ST/Documents/Unreal Projects/Level-editing-2/blockout/Content/Assets/Materials/Functions/Concrete/patchy_cement1_Base_Color.uasset" 496
"../../../../../../Users/PC-ST/Documents/Unreal Projects/Level-editing-2/blockout/Content/Assets/Materials/Functions/Concrete/patchy_cement1_Metallic.uasset" 497
"../../../../../../Users/PC-ST/Documents/Unreal Projects/Level-editing-2/blockout/Content/Assets/Materials/Functions/Concrete/patchy_cement1_Normal.uasset" 498
"../../../../../../Users/PC-ST/Documents/Unreal Projects/Level-editing-2/blockout/Content/Assets/Materials/Functions/Concrete/patchy_cement1_Roughness.uasset" 499
"../../../../../../Users/PC-ST/Documents/Unreal Projects/Level-editing-2/blockout/Content/Assets/Materials/Functions/ConcreteFunc.uasset" 500
"../../../../../../Users/PC-ST/Documents/Unreal Projects/Level-editing-2/blockout/Content/Assets/Materials/Concrete.uasset" 501
"../../../../../../Users/PC-ST/Documents/Unreal Projects/Level-editing-2/blockout/Content/Assets/decals/dirtDecal1.uasset" 502
"../../../../../../Users/PC-ST/Documents/Unreal Projects/Level-editing-2/blockout/Content/Assets/decals/dirtDecal2.uasset" 503
"../../../../../../Users/PC-ST/Documents/Unreal Projects/Level-editing-2/blockout/Content/Assets/Materials/text.uasset" 504
"../../../../../../Users/PC-ST/Documents/Unreal Projects/Level-editing-2/blockout/Content/Assets/decals/level1_Decal.uasset" 505
"../../../../../../Users/PC-ST/Documents/Unreal Projects/Level-editing-2/blockout/Content/Assets/Materials/rustdecal.uasset" 506
"../../../../../../Users/PC-ST/Documents/Unreal Projects/Level-editing-2/blockout/Content/Assets/decals/rustdecal_Inst.uasset" 507
"../../../../../../Users/PC-ST/Documents/Unreal Projects/Level-editing-2/blockout/Content/Assets/decals/decalsTextureNo9562_1024x768.uasset" 508
"../../../../../../Users/PC-ST/Documents/Unreal Projects/Level-editing-2/blockout/Content/Assets/decals/rustdecal_Inst1.uasset" 509
"../../../../../../Users/PC-ST/Documents/Unreal Projects/Level-editing-2/blockout/Content/Assets/decals/WallDirt1.uasset" 510
"../../../../../../Users/PC-ST/Documents/Unreal Projects/Level-editing-2/blockout/Content/Assets/Materials/Buidling/Dirty_Metal1.uasset" 511
"../../../../../../Users/PC-ST/Documents/Unreal Projects/Level-editing-2/blockout/Content/Assets/Materials/clean_metal.uasset" 512
"../../../../../../Users/PC-ST/Documents/Unreal Projects/Level-editing-2/blockout/Content/Assets/Materials/Functions/cloth/ao-metal-roughness.uasset" 513
"../../../../../../Users/PC-ST/Documents/Unreal Projects/Level-editing-2/blockout/Content/Assets/Materials/Functions/cloth/old-soiled-cloth1-albedo.uasset" 514
"../../../../../../Users/PC-ST/Documents/Unreal Projects/Level-editing-2/blockout/Content/Assets/Materials/Functions/cloth/old-soiled-cloth1-Normal-dx.uasset" 515
"../../../../../../Users/PC-ST/Documents/Unreal Projects/Level-editing-2/blockout/Content/Assets/Materials/Functions/clothfunc.uasset" 516
"../../../../../../Users/PC-ST/Documents/Unreal Projects/Level-editing-2/blockout/Content/Assets/Materials/clothmat.uasset" 517
"../../../../../../Users/PC-ST/Documents/Unreal Projects/Level-editing-2/blockout/Content/Assets/Materials/clothmat_floor.uasset" 518
"../../../../../../Users/PC-ST/Documents/Unreal Projects/Level-editing-2/blockout/Content/Assets/Materials/clothmat_Inst.uasset" 519
"../../../../../../Users/PC-ST/Documents/Unreal Projects/Level-editing-2/blockout/Content/Assets/Materials/dirtyMetal.uasset" 520
"../../../../../../Users/PC-ST/Documents/Unreal Projects/Level-editing-2/blockout/Content/Assets/Materials/glassbow_dirt.uasset" 521
"../../../../../../Users/PC-ST/Documents/Unreal Projects/Level-editing-2/blockout/Content/Assets/Materials/LavaRoom.uasset" 522
"../../../../../../Users/PC-ST/Documents/Unreal Projects/Level-editing-2/blockout/Content/Assets/Materials/Functions/Floor/DirtChipsClouds_Masks.uasset" 523
"../../../../../../Users/PC-ST/Documents/Unreal Projects/Level-editing-2/blockout/Content/Assets/Materials/Functions/Floor/FloorPanelA_normals.uasset" 524
"../../../../../../Users/PC-ST/Documents/Unreal Projects/Level-editing-2/blockout/Content/Assets/Materials/Functions/Floor/FloorPanelA_occlusion.uasset" 525
"../../../../../../Users/PC-ST/Documents/Unreal Projects/Level-editing-2/blockout/Content/Assets/Materials/Functions/Floor/FloorPanelA_Scratches.uasset" 526
"../../../../../../Users/PC-ST/Documents/Unreal Projects/Level-editing-2/blockout/Content/Assets/Materials/Level_1/floor.uasset" 527
"../../../../../../Users/PC-ST/Documents/Unreal Projects/Level-editing-2/blockout/Content/Assets/Materials/Level_1/floor_Inst.uasset" 528
"../../../../../../Users/PC-ST/Documents/Unreal Projects/Level-editing-2/blockout/Content/Assets/Materials/Level_1/white_floor.uasset" 529
"../../../../../../Users/PC-ST/Documents/Unreal Projects/Level-editing-2/blockout/Content/Assets/Materials/Level_2/floor.uasset" 530
"../../../../../../Users/PC-ST/Documents/Unreal Projects/Level-editing-2/blockout/Content/Assets/Materials/Level_3/Floor3.uasset" 531
"../../../../../../Users/PC-ST/Documents/Unreal Projects/Level-editing-2/blockout/Content/Assets/Materials/orbGlass.uasset" 532
"../../../../../../Users/PC-ST/Documents/Unreal Projects/Level-editing-2/blockout/Content/Assets/Materials/Trim/Trim_Material_box.uasset" 533
"../../../../../../Users/PC-ST/Documents/Unreal Projects/Level-editing-2/blockout/Content/Assets/Wall_3rd_floor/warning_normal.uasset" 534
"../../../../../../Users/PC-ST/Documents/Unreal Projects/Level-editing-2/blockout/Content/Assets/Wall_3rd_floor/warning_texture.uasset" 535
"../../../../../../Users/PC-ST/Documents/Unreal Projects/Level-editing-2/blockout/Content/Assets/Wall_3rd_floor/Warning.uasset" 536
"../../../../../../Users/PC-ST/Documents/Unreal Projects/Level-editing-2/blockout/Content/Assets/Materials/warning_inst.uasset" 537
"../../../../../../Users/PC-ST/Documents/Unreal Projects/Level-editing-2/blockout/Content/Assets/Materials/Functions/wood/ao-metal-roughness.uasset" 538
"../../../../../../Users/PC-ST/Documents/Unreal Projects/Level-editing-2/blockout/Content/Assets/Materials/Functions/wood/bamboo-wood-semigloss-albedo.uasset" 539
"../../../../../../Users/PC-ST/Documents/Unreal Projects/Level-editing-2/blockout/Content/Assets/Materials/Functions/wood/bamboo-wood-semigloss-normal.uasset" 540
"../../../../../../Users/PC-ST/Documents/Unreal Projects/Level-editing-2/blockout/Content/Assets/Materials/Functions/WoodFunc.uasset" 541
"../../../../../../Users/PC-ST/Documents/Unreal Projects/Level-editing-2/blockout/Content/Assets/Materials/WoodMat.uasset" 542
"../../../../../../Users/PC-ST/Documents/Unreal Projects/Level-editing-2/blockout/Content/Assets/Materials/WoodMat_Inst.uasset" 543
"../../../Engine/Content/EngineMaterials/DefaultPhysicalMaterial.uasset" 544
"../../../../../../Users/PC-ST/Documents/Unreal Projects/Level-editing-2/blockout/Content/Assets/Building/level_Box001.uasset" 545
"../../../../../../Users/PC-ST/Documents/Unreal Projects/Level-editing-2/blockout/Content/Assets/Building/level_Box003.uasset" 546
"../../../../../../Users/PC-ST/Documents/Unreal Projects/Level-editing-2/blockout/Content/Assets/Building/level_Box006.uasset" 547
"../../../../../../Users/PC-ST/Documents/Unreal Projects/Level-editing-2/blockout/Content/Assets/Building/level_Box012.uasset" 548
"../../../../../../Users/PC-ST/Documents/Unreal Projects/Level-editing-2/blockout/Content/Assets/Building/level_Box013.uasset" 549
"../../../../../../Users/PC-ST/Documents/Unreal Projects/Level-editing-2/blockout/Content/Assets/Building/level_Box014.uasset" 550
"../../../../../../Users/PC-ST/Documents/Unreal Projects/Level-editing-2/blockout/Content/Assets/Building/level_Box018.uasset" 551
"../../../../../../Users/PC-ST/Documents/Unreal Projects/Level-editing-2/blockout/Content/Assets/Building/level_Box019.uasset" 552
"../../../../../../Users/PC-ST/Documents/Unreal Projects/Level-editing-2/blockout/Content/Assets/Building/level_Box036.uasset" 553
"../../../../../../Users/PC-ST/Documents/Unreal Projects/Level-editing-2/blockout/Content/Assets/Building/level_Box038.uasset" 554
"../../../../../../Users/PC-ST/Documents/Unreal Projects/Level-editing-2/blockout/Content/Assets/Building/level_Plane001.uasset" 555
"../../../../../../Users/PC-ST/Documents/Unreal Projects/Level-editing-2/blockout/Content/Assets/chair/chair.uasset" 556
"../../../../../../Users/PC-ST/Documents/Unreal Projects/Level-editing-2/blockout/Content/Assets/Ladder/ladder.uasset" 557
"../../../../../../Users/PC-ST/Documents/Unreal Projects/Level-editing-2/blockout/Content/Assets/pipes/pipes_Cylinder006.uasset" 558
"../../../../../../Users/PC-ST/Documents/Unreal Projects/Level-editing-2/blockout/Content/Assets/pipes/pipes_Cylinder007.uasset" 559
"../../../../../../Users/PC-ST/Documents/Unreal Projects/Level-editing-2/blockout/Content/Assets/pipes/pipes_Cylinder008.uasset" 560
"../../../../../../Users/PC-ST/Documents/Unreal Projects/Level-editing-2/blockout/Content/Assets/pipes/pipes_Cylinder009.uasset" 561
"../../../../../../Users/PC-ST/Documents/Unreal Projects/Level-editing-2/blockout/Content/Assets/pipes/pipes_Cylinder010.uasset" 562
"../../../../../../Users/PC-ST/Documents/Unreal Projects/Level-editing-2/blockout/Content/Assets/Pump/pump.uasset" 563
"../../../../../../Users/PC-ST/Documents/Unreal Projects/Level-editing-2/blockout/Content/Assets/Random_pieces/pieces_Base.uasset" 564
"../../../../../../Users/PC-ST/Documents/Unreal Projects/Level-editing-2/blockout/Content/Assets/Random_pieces/pieces_BasicPillar.uasset" 565
"../../../../../../Users/PC-ST/Documents/Unreal Projects/Level-editing-2/blockout/Content/Assets/Random_pieces/pieces_CornerBeamStraight.uasset" 566
"../../../../../../Users/PC-ST/Documents/Unreal Projects/Level-editing-2/blockout/Content/Assets/Random_pieces/pieces_CornerBit.uasset" 567
"../../../../../../Users/PC-ST/Documents/Unreal Projects/Level-editing-2/blockout/Content/Assets/Random_pieces/pieces_FlatPlinth.uasset" 568
"../../../../../../Users/PC-ST/Documents/Unreal Projects/Level-editing-2/blockout/Content/Assets/Random_pieces/pieces_FlatPlinth90inuv.uasset" 569
"../../../../../../Users/PC-ST/Documents/Unreal Projects/Level-editing-2/blockout/Content/Assets/Random_pieces/pieces_Grate.uasset" 570
"../../../../../../Users/PC-ST/Documents/Unreal Projects/Level-editing-2/blockout/Content/Assets/Random_pieces/pieces_Hatch.uasset" 571
"../../../../../../Users/PC-ST/Documents/Unreal Projects/Level-editing-2/blockout/Content/Assets/Random_pieces/pieces_LatheShape.uasset" 572
"../../../../../../Users/PC-ST/Documents/Unreal Projects/Level-editing-2/blockout/Content/Assets/Random_pieces/pieces_Pipe.uasset" 573
"../../../../../../Users/PC-ST/Documents/Unreal Projects/Level-editing-2/blockout/Content/Assets/Random_pieces/pieces_SidePillar.uasset" 574
"../../../../../../Users/PC-ST/Documents/Unreal Projects/Level-editing-2/blockout/Content/Assets/Random_pieces/pieces_TriangleBeam.uasset" 575
"../../../../../../Users/PC-ST/Documents/Unreal Projects/Level-editing-2/blockout/Content/Assets/Random_pieces/pieces_Wall1.uasset" 576
"../../../../../../Users/PC-ST/Documents/Unreal Projects/Level-editing-2/blockout/Content/Assets/Screw/screw.uasset" 577
"../../../../../../Users/PC-ST/Documents/Unreal Projects/Level-editing-2/blockout/Content/Assets/table/table.uasset" 578
"../../../../../../Users/PC-ST/Documents/Unreal Projects/Level-editing-2/blockout/Content/Assets/Wall_3rd_floor/Blue.uasset" 579
"../../../../../../Users/PC-ST/Documents/Unreal Projects/Level-editing-2/blockout/Content/Assets/Wall_3rd_floor/orange.uasset" 580
"../../../../../../Users/PC-ST/Documents/Unreal Projects/Level-editing-2/blockout/Content/Assets/Wall_3rd_floor/wall_3.uasset" 581
"../../../../../../Users/PC-ST/Documents/Unreal Projects/Level-editing-2/blockout/Content/Assets/Window/window.uasset" 582
"../../../../../../Users/PC-ST/Documents/Unreal Projects/Level-editing-2/blockout/Content/plane_tesselated.uasset" 583
"../../../../../../Users/PC-ST/Documents/Unreal Projects/Level-editing-2/blockout/Content/Untitled.umap" 584
"../../../../../../Users/PC-ST/Documents/Unreal Projects/Level-editing-2/blockout/Content/LevelEditingProject/GameLogicDontTouch/FirstPersonGameMode.uasset" 585
"../../../../../../Users/PC-ST/Documents/Unreal Projects/Level-editing-2/blockout/Content/WIP_BuiltData.uasset" 586
"../../../../../../Users/PC-ST/Documents/Unreal Projects/Level-editing-2/blockout/Content/WIP.umap" 587
"../../../../../../Users/PC-ST/Documents/Unreal Projects/Level-editing-2/blockout/Content/WIP2_BuiltData.uasset" 588
"../../../../../../Users/PC-ST/Documents/Unreal Projects/Level-editing-2/blockout/Content/WIP2.umap" 589
"../../../../../../Users/PC-ST/Documents/Unreal Projects/Level-editing-2/blockout/Content/LevelEditingProject/Lift.uasset" 590
"../../../../../../Users/PC-ST/Documents/Unreal Projects/Level-editing-2/blockout/Content/LevelEditingProject/Volume_KillPlayer.uasset" 591
"../../../../../../Users/PC-ST/Documents/Unreal Projects/Level-editing-2/blockout/Content/LevelEditingProject/GameLogicDontTouch/testmap_BuiltData.uasset" 592
"../../../Engine/Content/MapTemplates/SM_Template_Map_Floor.uasset" 593
"../../../../../../Users/PC-ST/Documents/Unreal Projects/Level-editing-2/blockout/Content/LevelEditingProject/GameLogicDontTouch/testmap.umap" 594
"../../../Engine/Content/Maps/Entry_BuiltData.uasset" 595
"../../../Engine/Content/Maps/Entry.umap" 596
